<?xml version="1.0" encoding="UTF-8"?>
<!-- Generated by org.testng.reporters.JUnitReportReporter -->
<testsuite skipped="2" hostname="LAPTOP-N04AR20A" name="TestNGDemo.IgnoreTestDemo" tests="4" failures="0" timestamp="31 Jul 2019 15:59:34 GMT" time="0.016" errors="0">
  <testcase name="test1" time="0.014" classname="TestNGDemo.IgnoreTestDemo"/>
  <testcase name="test3" time="0.002" classname="TestNGDemo.IgnoreTestDemo"/>
  <testcase name="test4" classname="TestNGDemo.IgnoreTestDemo">
    <skipped/>
  </testcase> <!-- test4 -->
  <testcase name="test2" classname="TestNGDemo.IgnoreTestDemo">
    <skipped/>
  </testcase> <!-- test2 -->
</testsuite> <!-- TestNGDemo.IgnoreTestDemo -->
