<?xml version="1.0" encoding="UTF-8"?>
<!-- Generated by org.testng.reporters.JUnitReportReporter -->
<testsuite skipped="0" hostname="LAPTOP-N04AR20A" name="TestNGDemo.ExceptionHandling" tests="2" failures="0" timestamp="31 Jul 2019 16:26:56 GMT" time="0.011" errors="0">
  <testcase name="test2" time="0.001" classname="TestNGDemo.ExceptionHandling"/>
  <testcase name="test1" time="0.010" classname="TestNGDemo.ExceptionHandling"/>
</testsuite> <!-- TestNGDemo.ExceptionHandling -->
