<?xml version="1.0" encoding="UTF-8"?>
<!-- Generated by org.testng.reporters.JUnitReportReporter -->
<testsuite skipped="0" hostname="LAPTOP-N04AR20A" name="TestNGDemo.TestNGBasics" tests="3" failures="0" timestamp="29 Jul 2019 16:37:45 GMT" time="0.003" errors="0">
  <testcase name="TitleTest" time="0.001" classname="TestNGDemo.TestNGBasics"/>
  <testcase name="LogoCheck" time="0.001" classname="TestNGDemo.TestNGBasics"/>
  <testcase name="SearchTest" time="0.001" classname="TestNGDemo.TestNGBasics"/>
</testsuite> <!-- TestNGDemo.TestNGBasics -->
