<?xml version="1.0" encoding="UTF-8"?>
<!-- Generated by org.testng.reporters.JUnitReportReporter -->
<testsuite skipped="1" hostname="LAPTOP-N04AR20A" name="TestNGDemo.MultipleBrowser" tests="3" failures="0" timestamp="01 Aug 2019 16:32:59 GMT" time="64.367" errors="1">
  <testcase name="googleTitle" time="0.000" classname="TestNGDemo.MultipleBrowser">
    <skipped/>
  </testcase> <!-- googleTitle -->
  <testcase name="SetUp" time="47.936" classname="TestNGDemo.MultipleBrowser">
    <error type="org.openqa.selenium.WebDriverException" message="Failed to connect to binary FirefoxBinary(C:\Program Files\Mozilla Firefox\firefox.exe) on port 7055; process output follows: 
,&quot;translators&quot;:null,&quot;contributors&quot;:null,&quot;locales&quot;:[&quot;zh-TW&quot;]},{&quot;name&quot;:&quot;McAfeeÂ® WebAdvisor&quot;,&quot;description&quot;:&quot;McAfeeÂ® WebAdvisor&quot;,&quot;creator&quot;:null,&quot;developers&quot;:null,&quot;translators&quot;:null,&quot;contributors&quot;:null,&quot;locales&quot;:[&quot;da&quot;]},{&quot;name&quot;:&quot;McAfeeÂ® WebAdvisor&quot;,&quot;description&quot;:&quot;McAfeeÂ® WebAdvisor&quot;,&quot;creator&quot;:null,&quot;developers&quot;:null,&quot;translators&quot;:null,&quot;contributors&quot;:null,&quot;locales&quot;:[&quot;tr&quot;]},{&quot;name&quot;:&quot;McAfeeÂ® WebAdvisor&quot;,&quot;description&quot;:&quot;McAfeeÂ® WebAdvisor&quot;,&quot;creator&quot;:null,&quot;developers&quot;:null,&quot;translators&quot;:null,&quot;contributors&quot;:null,&quot;locales&quot;:[&quot;nl&quot;]}],&quot;targetApplications&quot;:[{&quot;id&quot;:&quot;toolkit@mozilla.org&quot;,&quot;minVersion&quot;:&quot;51.0&quot;,&quot;maxVersion&quot;:null}],&quot;targetPlatforms&quot;:[],&quot;signedState&quot;:2,&quot;seen&quot;:false,&quot;dependencies&quot;:[],&quot;incognito&quot;:&quot;spanning&quot;,&quot;userPermissions&quot;:{&quot;permissions&quot;:[&quot;tabs&quot;,&quot;downloads&quot;,&quot;nativeMessaging&quot;,&quot;webRequest&quot;,&quot;storage&quot;],&quot;origins&quot;:[&quot;&lt;all_urls&gt;&quot;,&quot;http://*/*&quot;,&quot;https://*/*&quot;]},&quot;icons&quot;:{&quot;128&quot;:&quot;images/webadvisor.png&quot;},&quot;iconURL&quot;:null,&quot;blocklistState&quot;:0,&quot;blocklistURL&quot;:null,&quot;startupData&quot;:null,&quot;hidden&quot;:false,&quot;installTelemetryInfo&quot;:{&quot;source&quot;:&quot;winreg-app-global&quot;,&quot;method&quot;:&quot;sideload&quot;},&quot;rootURI&quot;:&quot;jar:file:///C:/Program%20Files/McAfee/WebAdvisor/e10ssaffplg.xpi!/&quot;,&quot;location&quot;:&quot;winreg-app-global&quot;}
1564677135158	addons.xpi-utils	DEBUG	Updating add-on states
1564677135159	addons.xpi-utils	DEBUG	Error: Synchronously loading the add-ons database(resource://gre/modules/addons/XPIDatabase.jsm:1310:15) JS Stack trace: syncLoadDB@XPIDatabase.jsm:1310:15
startup@XPIProvider.jsm:2242:23
callProvider@AddonManager.jsm:204:31
_startProvider@AddonManager.jsm:655:5
startup@AddonManager.jsm:811:14
startup@AddonManager.jsm:2804:26
observe@addonManager.js:65:29
1564677135161	addons.xpi	DEBUG	Calling bootstrap method startup on formautofill@mozilla.org version 1.0
1564677135163	addons.xpi	DEBUG	Calling bootstrap method startup on fxmonitor@mozilla.org version 3.0
1564677135164	addons.xpi	DEBUG	Calling bootstrap method startup on screenshots@mozilla.org version 37.1.0
1564677135165	addons.xpi	DEBUG	Calling bootstrap method startup on webcompat@mozilla.org version 4.0.0
1564677135168	addons.manager	DEBUG	Registering shutdown blocker for XPIProvider
1564677135168	addons.manager	DEBUG	Provider finished startup: XPIProvider
1564677135168	addons.manager	DEBUG	Starting provider: LightweightThemeManager
1564677135168	addons.manager	DEBUG	Registering shutdown blocker for LightweightThemeManager
1564677135169	addons.manager	DEBUG	Provider finished startup: LightweightThemeManager
1564677135169	addons.manager	DEBUG	Starting provider: GMPProvider
1564677135173	addons.manager	DEBUG	Registering shutdown blocker for GMPProvider
1564677135173	addons.manager	DEBUG	Provider finished startup: GMPProvider
1564677135173	addons.manager	DEBUG	Starting provider: PluginProvider
1564677135173	addons.manager	DEBUG	Registering shutdown blocker for PluginProvider
1564677135173	addons.manager	DEBUG	Provider finished startup: PluginProvider
1564677135178	addons.manager	DEBUG	Completed startup sequence
1564677136111	addons.repository	DEBUG	No addons.json found.
1564677136840	addons.manager	DEBUG	Registering upgrade listener for formautofill@mozilla.org
1564677136920	addons.xpi	DEBUG	Ignoring file: name is not a valid add-on ID: C:\Users\Monika Raj\AppData\Local\Temp\anonymous7827973804447838071webdriver-profile\extensions\webdriver-staging
1564677136921	addons.xpi	DEBUG	Existing add-on formautofill@mozilla.org in app-system-defaults
1564677136921	addons.xpi	DEBUG	Existing add-on fxmonitor@mozilla.org in app-system-defaults
1564677136921	addons.xpi	DEBUG	Existing add-on screenshots@mozilla.org in app-system-defaults
1564677136921	addons.xpi	DEBUG	Existing add-on webcompat-reporter@mozilla.org in app-system-defaults
1564677136921	addons.xpi	DEBUG	Existing add-on webcompat@mozilla.org in app-system-defaults
1564677136922	addons.xpi	DEBUG	Existing add-on {4ED1F68A-5463-4931-9384-8FFF5ED91D92} in winreg-app-global
1564677136922	addons.xpi	DEBUG	scanForChanges changed: false, state: {}
JavaScript error: resource://gre/modules/addons/XPIProvider.jsm, line 2706: TypeError: addon is null

Build info: version: &#039;2.53.1&#039;, revision: &#039;a36b8b1&#039;, time: &#039;2016-06-30 17:32:46&#039;
System info: host: &#039;LAPTOP-N04AR20A&#039;, ip: &#039;192.168.1.9&#039;, os.name: &#039;Windows 10&#039;, os.arch: &#039;amd64&#039;, os.version: &#039;10.0&#039;, java.version: &#039;1.8.0_201&#039;
Driver info: driver.version: FirefoxDriver">
      <![CDATA[org.openqa.selenium.WebDriverException: Failed to connect to binary FirefoxBinary(C:\Program Files\Mozilla Firefox\firefox.exe) on port 7055; process output follows: 
,"translators":null,"contributors":null,"locales":["zh-TW"]},{"name":"McAfeeÂ® WebAdvisor","description":"McAfeeÂ® WebAdvisor","creator":null,"developers":null,"translators":null,"contributors":null,"locales":["da"]},{"name":"McAfeeÂ® WebAdvisor","description":"McAfeeÂ® WebAdvisor","creator":null,"developers":null,"translators":null,"contributors":null,"locales":["tr"]},{"name":"McAfeeÂ® WebAdvisor","description":"McAfeeÂ® WebAdvisor","creator":null,"developers":null,"translators":null,"contributors":null,"locales":["nl"]}],"targetApplications":[{"id":"toolkit@mozilla.org","minVersion":"51.0","maxVersion":null}],"targetPlatforms":[],"signedState":2,"seen":false,"dependencies":[],"incognito":"spanning","userPermissions":{"permissions":["tabs","downloads","nativeMessaging","webRequest","storage"],"origins":["<all_urls>","http://*/*","https://*/*"]},"icons":{"128":"images/webadvisor.png"},"iconURL":null,"blocklistState":0,"blocklistURL":null,"startupData":null,"hidden":false,"installTelemetryInfo":{"source":"winreg-app-global","method":"sideload"},"rootURI":"jar:file:///C:/Program%20Files/McAfee/WebAdvisor/e10ssaffplg.xpi!/","location":"winreg-app-global"}
1564677135158addons.xpi-utilsDEBUGUpdating add-on states
1564677135159addons.xpi-utilsDEBUGError: Synchronously loading the add-ons database(resource://gre/modules/addons/XPIDatabase.jsm:1310:15) JS Stack trace: syncLoadDB@XPIDatabase.jsm:1310:15
startup@XPIProvider.jsm:2242:23
callProvider@AddonManager.jsm:204:31
_startProvider@AddonManager.jsm:655:5
startup@AddonManager.jsm:811:14
startup@AddonManager.jsm:2804:26
observe@addonManager.js:65:29
1564677135161addons.xpiDEBUGCalling bootstrap method startup on formautofill@mozilla.org version 1.0
1564677135163addons.xpiDEBUGCalling bootstrap method startup on fxmonitor@mozilla.org version 3.0
1564677135164addons.xpiDEBUGCalling bootstrap method startup on screenshots@mozilla.org version 37.1.0
1564677135165addons.xpiDEBUGCalling bootstrap method startup on webcompat@mozilla.org version 4.0.0
1564677135168addons.managerDEBUGRegistering shutdown blocker for XPIProvider
1564677135168addons.managerDEBUGProvider finished startup: XPIProvider
1564677135168addons.managerDEBUGStarting provider: LightweightThemeManager
1564677135168addons.managerDEBUGRegistering shutdown blocker for LightweightThemeManager
1564677135169addons.managerDEBUGProvider finished startup: LightweightThemeManager
1564677135169addons.managerDEBUGStarting provider: GMPProvider
1564677135173addons.managerDEBUGRegistering shutdown blocker for GMPProvider
1564677135173addons.managerDEBUGProvider finished startup: GMPProvider
1564677135173addons.managerDEBUGStarting provider: PluginProvider
1564677135173addons.managerDEBUGRegistering shutdown blocker for PluginProvider
1564677135173addons.managerDEBUGProvider finished startup: PluginProvider
1564677135178addons.managerDEBUGCompleted startup sequence
1564677136111addons.repositoryDEBUGNo addons.json found.
1564677136840addons.managerDEBUGRegistering upgrade listener for formautofill@mozilla.org
1564677136920addons.xpiDEBUGIgnoring file: name is not a valid add-on ID: C:\Users\Monika Raj\AppData\Local\Temp\anonymous7827973804447838071webdriver-profile\extensions\webdriver-staging
1564677136921addons.xpiDEBUGExisting add-on formautofill@mozilla.org in app-system-defaults
1564677136921addons.xpiDEBUGExisting add-on fxmonitor@mozilla.org in app-system-defaults
1564677136921addons.xpiDEBUGExisting add-on screenshots@mozilla.org in app-system-defaults
1564677136921addons.xpiDEBUGExisting add-on webcompat-reporter@mozilla.org in app-system-defaults
1564677136921addons.xpiDEBUGExisting add-on webcompat@mozilla.org in app-system-defaults
1564677136922addons.xpiDEBUGExisting add-on {4ED1F68A-5463-4931-9384-8FFF5ED91D92} in winreg-app-global
1564677136922addons.xpiDEBUGscanForChanges changed: false, state: {}
JavaScript error: resource://gre/modules/addons/XPIProvider.jsm, line 2706: TypeError: addon is null

Build info: version: '2.53.1', revision: 'a36b8b1', time: '2016-06-30 17:32:46'
System info: host: 'LAPTOP-N04AR20A', ip: '192.168.1.9', os.name: 'Windows 10', os.arch: 'amd64', os.version: '10.0', java.version: '1.8.0_201'
Driver info: driver.version: FirefoxDriver
at org.openqa.selenium.firefox.internal.NewProfileExtensionConnection.start(NewProfileExtensionConnection.java:124)
at org.openqa.selenium.firefox.FirefoxDriver.startClient(FirefoxDriver.java:271)
at org.openqa.selenium.remote.RemoteWebDriver.<init>(RemoteWebDriver.java:119)
at org.openqa.selenium.firefox.FirefoxDriver.<init>(FirefoxDriver.java:218)
at org.openqa.selenium.firefox.FirefoxDriver.<init>(FirefoxDriver.java:211)
at org.openqa.selenium.firefox.FirefoxDriver.<init>(FirefoxDriver.java:207)
at org.openqa.selenium.firefox.FirefoxDriver.<init>(FirefoxDriver.java:120)
at TestNGDemo.MultipleBrowser.SetUp(MultipleBrowser.java:36)
at sun.reflect.NativeMethodAccessorImpl.invoke0(Native Method)
at sun.reflect.NativeMethodAccessorImpl.invoke(Unknown Source)
at sun.reflect.DelegatingMethodAccessorImpl.invoke(Unknown Source)
at java.lang.reflect.Method.invoke(Unknown Source)
at org.testng.internal.MethodInvocationHelper.invokeMethod(MethodInvocationHelper.java:124)
at org.testng.internal.MethodInvocationHelper.invokeMethodConsideringTimeout(MethodInvocationHelper.java:59)
at org.testng.internal.Invoker.invokeConfigurationMethod(Invoker.java:458)
at org.testng.internal.Invoker.invokeConfigurations(Invoker.java:222)
at org.testng.internal.Invoker.invokeMethod(Invoker.java:523)
at org.testng.internal.Invoker.invokeTestMethod(Invoker.java:719)
at org.testng.internal.Invoker.invokeTestMethods(Invoker.java:989)
at org.testng.internal.TestMethodWorker.invokeTestMethods(TestMethodWorker.java:125)
at org.testng.internal.TestMethodWorker.run(TestMethodWorker.java:109)
at org.testng.TestRunner.privateRun(TestRunner.java:648)
at org.testng.TestRunner.run(TestRunner.java:505)
at org.testng.SuiteRunner.runTest(SuiteRunner.java:455)
at org.testng.SuiteRunner.access$000(SuiteRunner.java:40)
at org.testng.SuiteRunner$SuiteWorker.run(SuiteRunner.java:489)
at org.testng.internal.thread.ThreadUtil$1.call(ThreadUtil.java:52)
at java.util.concurrent.FutureTask.run(Unknown Source)
at java.util.concurrent.ThreadPoolExecutor.runWorker(Unknown Source)
at java.util.concurrent.ThreadPoolExecutor$Worker.run(Unknown Source)
at java.lang.Thread.run(Unknown Source)
Caused by: org.openqa.selenium.firefox.NotConnectedException: Unable to connect to host 127.0.0.1 on port 7055 after 45000 ms. Firefox console output:
,"translators":null,"contributors":null,"locales":["zh-TW"]},{"name":"McAfeeÂ® WebAdvisor","description":"McAfeeÂ® WebAdvisor","creator":null,"developers":null,"translators":null,"contributors":null,"locales":["da"]},{"name":"McAfeeÂ® WebAdvisor","description":"McAfeeÂ® WebAdvisor","creator":null,"developers":null,"translators":null,"contributors":null,"locales":["tr"]},{"name":"McAfeeÂ® WebAdvisor","description":"McAfeeÂ® WebAdvisor","creator":null,"developers":null,"translators":null,"contributors":null,"locales":["nl"]}],"targetApplications":[{"id":"toolkit@mozilla.org","minVersion":"51.0","maxVersion":null}],"targetPlatforms":[],"signedState":2,"seen":false,"dependencies":[],"incognito":"spanning","userPermissions":{"permissions":["tabs","downloads","nativeMessaging","webRequest","storage"],"origins":["<all_urls>","http://*/*","https://*/*"]},"icons":{"128":"images/webadvisor.png"},"iconURL":null,"blocklistState":0,"blocklistURL":null,"startupData":null,"hidden":false,"installTelemetryInfo":{"source":"winreg-app-global","method":"sideload"},"rootURI":"jar:file:///C:/Program%20Files/McAfee/WebAdvisor/e10ssaffplg.xpi!/","location":"winreg-app-global"}
1564677135158addons.xpi-utilsDEBUGUpdating add-on states
1564677135159addons.xpi-utilsDEBUGError: Synchronously loading the add-ons database(resource://gre/modules/addons/XPIDatabase.jsm:1310:15) JS Stack trace: syncLoadDB@XPIDatabase.jsm:1310:15
startup@XPIProvider.jsm:2242:23
callProvider@AddonManager.jsm:204:31
_startProvider@AddonManager.jsm:655:5
startup@AddonManager.jsm:811:14
startup@AddonManager.jsm:2804:26
observe@addonManager.js:65:29
1564677135161addons.xpiDEBUGCalling bootstrap method startup on formautofill@mozilla.org version 1.0
1564677135163addons.xpiDEBUGCalling bootstrap method startup on fxmonitor@mozilla.org version 3.0
1564677135164addons.xpiDEBUGCalling bootstrap method startup on screenshots@mozilla.org version 37.1.0
1564677135165addons.xpiDEBUGCalling bootstrap method startup on webcompat@mozilla.org version 4.0.0
1564677135168addons.managerDEBUGRegistering shutdown blocker for XPIProvider
1564677135168addons.managerDEBUGProvider finished startup: XPIProvider
1564677135168addons.managerDEBUGStarting provider: LightweightThemeManager
1564677135168addons.managerDEBUGRegistering shutdown blocker for LightweightThemeManager
1564677135169addons.managerDEBUGProvider finished startup: LightweightThemeManager
1564677135169addons.managerDEBUGStarting provider: GMPProvider
1564677135173addons.managerDEBUGRegistering shutdown blocker for GMPProvider
1564677135173addons.managerDEBUGProvider finished startup: GMPProvider
1564677135173addons.managerDEBUGStarting provider: PluginProvider
1564677135173addons.managerDEBUGRegistering shutdown blocker for PluginProvider
1564677135173addons.managerDEBUGProvider finished startup: PluginProvider
1564677135178addons.managerDEBUGCompleted startup sequence
1564677136111addons.repositoryDEBUGNo addons.json found.
1564677136840addons.managerDEBUGRegistering upgrade listener for formautofill@mozilla.org
1564677136920addons.xpiDEBUGIgnoring file: name is not a valid add-on ID: C:\Users\Monika Raj\AppData\Local\Temp\anonymous7827973804447838071webdriver-profile\extensions\webdriver-staging
1564677136921addons.xpiDEBUGExisting add-on formautofill@mozilla.org in app-system-defaults
1564677136921addons.xpiDEBUGExisting add-on fxmonitor@mozilla.org in app-system-defaults
1564677136921addons.xpiDEBUGExisting add-on screenshots@mozilla.org in app-system-defaults
1564677136921addons.xpiDEBUGExisting add-on webcompat-reporter@mozilla.org in app-system-defaults
1564677136921addons.xpiDEBUGExisting add-on webcompat@mozilla.org in app-system-defaults
1564677136922addons.xpiDEBUGExisting add-on {4ED1F68A-5463-4931-9384-8FFF5ED91D92} in winreg-app-global
1564677136922addons.xpiDEBUGscanForChanges changed: false, state: {}
JavaScript error: resource://gre/modules/addons/XPIProvider.jsm, line 2706: TypeError: addon is null

at org.openqa.selenium.firefox.internal.NewProfileExtensionConnection.start(NewProfileExtensionConnection.java:112)
... 30 more
]]>
    </error>
  </testcase> <!-- SetUp -->
  <testcase name="googleTitle" time="16.431" classname="TestNGDemo.MultipleBrowser"/>
</testsuite> <!-- TestNGDemo.MultipleBrowser -->
