<?xml version="1.0" encoding="UTF-8"?>
<!-- Generated by org.testng.reporters.JUnitReportReporter -->
<testsuite skipped="0" hostname="LAPTOP-N04AR20A" name="TestNGDemo.ExcelDataProvider" tests="4" failures="0" timestamp="03 Aug 2019 17:04:20 GMT" time="34.602" errors="0">
  <testcase name="test1" time="8.014" classname="TestNGDemo.ExcelDataProvider"/>
  <testcase name="test1" time="7.527" classname="TestNGDemo.ExcelDataProvider"/>
  <testcase name="test1" time="8.024" classname="TestNGDemo.ExcelDataProvider"/>
  <testcase name="test1" time="11.037" classname="TestNGDemo.ExcelDataProvider"/>
</testsuite> <!-- TestNGDemo.ExcelDataProvider -->
