<?xml version="1.0" encoding="UTF-8"?>
<!-- Generated by org.testng.reporters.JUnitReportReporter -->
<testsuite skipped="0" hostname="LAPTOP-N04AR20A" name="TestNGDemo.FirstDemoTestNG" tests="2" failures="0" timestamp="29 Jul 2019 15:13:30 GMT" time="33.989" errors="0">
  <testcase name="radiobutton" time="15.733" classname="TestNGDemo.FirstDemoTestNG"/>
  <testcase name="f" time="18.256" classname="TestNGDemo.FirstDemoTestNG"/>
</testsuite> <!-- TestNGDemo.FirstDemoTestNG -->
